make all --print-data-base --no-builtin-variables --no-builtin-rules --question
# GNU Make 3.81
# Copyright (C) 2006  Free Software Foundation, Inc.
# This is free software; see the source for copying conditions.
# There is NO warranty; not even for MERCHANTABILITY or FITNESS FOR A
# PARTICULAR PURPOSE.

# This program built for i386-apple-darwin11.3.0
 

# Make data base, printed on Fri Apr 21 11:04:21 2023

# Variables

# automatic
<D = $(patsubst %/,%,$(dir $<))
# automatic
?F = $(notdir $?)
# automatic
?D = $(patsubst %/,%,$(dir $?))
# makefile (from `Makefile', line 58)
INCLUDES = includes/minishell.h
# automatic
@D = $(patsubst %/,%,$(dir $@))
# automatic
@F = $(notdir $@)
# makefile
CURDIR := /Volumes/Storage/goinfre/arurangi/minishell
# makefile
SHELL = /bin/sh
# environment
VSCODE_NLS_CONFIG = {"locale":"en-us","availableLanguages":{},"_languagePackSupport":true}
# environment
_ = /usr/bin/make
# makefile (from `Makefile', line 13)
CURRENT_USER := arurangi
# makefile (from `Makefile', line 14)
CURRENT_FOLDER := /Volumes/Storage/goinfre/arurangi/minishell
# makefile (from `Makefile', line 1)
MAKEFILE_LIST :=  Makefile
# makefile (from `Makefile', line 17)
SRCS = srcs/main.c srcs/parser.c srcs/parser_init.c srcs/parser_utils.c srcs/getters.c srcs/expander.c srcs/tokens.c srcs/tokens_utils.c srcs/get_tokens.c srcs/lexer.c srcs/lexer_utils.c srcs/quotes_checking.c srcs/execution.c srcs/ft_cmd_lexer.c srcs/ft_count_words.c srcs/process_routines.c srcs/redirection.c srcs/heredoc.c srcs/errors.c srcs/utils.c srcs/checker.c srcs/checker_2.c srcs/memory_mgmt.c srcs/initialization.c srcs/error_handling.c srcs/signals.c srcs/debug.c srcs/interface.c srcs/calculator.c srcs/pipeline.c built-ins/pwd.c built-ins/env.c built-ins/export.c built-ins/echo.c built-ins/unset.c built-ins/cd.c built-ins/exit.c built-ins/builtins_utils.c built-ins/export_utils.c built-ins/export_utils_2.c 
# makefile (from `Makefile', line 60)
OBJS = ${SRCS:.c=.o}
# makefile (from `Makefile', line 68)
SANATIZE = -g -fsanitize=address
# environment
VSCODE_CWD = /
# environment
PATH = /Users/arurangi/.brew/bin:/Users/arurangi/.brew/bin:/usr/local/bin:/usr/bin:/bin:/usr/sbin:/sbin:/usr/local/munki
# environment
LSCOLORS = Gxfxcxdxbxegedabagacad
# makefile (from `Makefile', line 75)
READLINE_INC = -I /Users/arurangi/.brew/opt/readline/include
# environment
ELECTRON_RUN_AS_NODE = 1
# default
.FEATURES := target-specific order-only second-expansion else-if archives jobserver check-symlink
# environment
LS_COLORS = di=1;36:ln=35:so=32:pi=33:ex=31:bd=34;46:cd=34;43:su=30;41:sg=30;46:tw=30;42:ow=30;43
# environment
SSH_AUTH_SOCK = /private/tmp/com.apple.launchd.XmIEAISEjC/Listeners
# automatic
%F = $(notdir $%)
# environment
HOMEBREW_TEMP = /tmp/arurangi/Homebrew/Temp
# environment
PWD = /Volumes/Storage/goinfre/arurangi/minishell
# environment
ORIGINAL_XDG_CURRENT_DESKTOP = undefined
# environment
VSCODE_AMD_ENTRYPOINT = vs/workbench/api/node/extensionHostProcess
# environment
HOME = /Users/arurangi
# default
MAKEFILEPATH = $(shell /usr/bin/xcode-select -print-path 2>/dev/null || echo /Developer)/Makefiles
# environment
VSCODE_CODE_CACHE_PATH = /Users/arurangi/Library/Application Support/Code/CachedData/da76f93349a72022ca4670c1b84860304616aaa2
# makefile (from `Makefile', line 74)
READLINE_LIB = -lreadline -lhistory -L /Users/arurangi/.brew/opt/readline/lib
# environment
LOGNAME = arurangi
# environment
APPLICATION_INSIGHTS_NO_DIAGNOSTIC_CHANNEL = 1
# environment
ZSH = /Users/arurangi/.oh-my-zsh
# environment
VSCODE_HANDLES_UNCAUGHT_ERRORS = true
# automatic
^D = $(patsubst %/,%,$(dir $^))
# environment
XPC_FLAGS = 0x0
# default
MAKE = $(MAKE_COMMAND)
# default
MAKECMDGOALS := all
# environment
HOMEBREW_CACHE = /tmp/arurangi/Homebrew/Caches
# environment
SHLVL = 1
# makefile (from `Makefile', line 64)
LIBFT = libft
# makefile (from `Makefile', line 66)
CC = gcc
# default
MAKE_VERSION := 3.81
# environment
USER = arurangi
# makefile
.DEFAULT_GOAL := all
# makefile (from `Makefile', line 67)
CCFLAGS = -Wall -Wextra -Werror -ggdb3 
# makefile (from `Makefile', line 62)
NAME = minishell
# environment
LESS = -R
# automatic
%D = $(patsubst %/,%,$(dir $%))
# default
MAKE_COMMAND := /Library/Developer/CommandLineTools/usr/bin/make
# default
.VARIABLES := 
# environment
TMPDIR = /var/folders/zz/zyxvpxvq6csfxvn_n0009xgc002gbv/T/
# automatic
*F = $(notdir $*)
# environment
VSCODE_IPC_HOOK = /Users/arurangi/Library/Application Support/Code/1.70.0-main.sock
# environment
MallocNanoZone = 0
# makefile
MAKEFLAGS = Rrqp
# environment
MFLAGS = -Rrqp
# automatic
*D = $(patsubst %/,%,$(dir $*))
# environment
XPC_SERVICE_NAME = com.microsoft.VSCode.2412
# automatic
+D = $(patsubst %/,%,$(dir $+))
# automatic
+F = $(notdir $+)
# environment
__CF_USER_TEXT_ENCODING = 0x13D7B:0x0:0x0
# default
MAKEFILES := 
# automatic
<F = $(notdir $<)
# environment
PAGER = less
# environment
LC_ALL = C
# automatic
^F = $(notdir $^)
# default
SUFFIXES := 
# makefile (from `Makefile', line 15)
EXEC_FILE = $(CURRENT_FOLDER)/minishell
# default
.INCLUDE_DIRS = /usr/local/include
# environment
MAKELEVEL := 0
# environment
LANG = C
# environment
VSCODE_PID = 33590
# variable set hash-table stats:
# Load=76/1024=7%, Rehash=0, Collisions=5/110=5%

# Pattern-specific Variable Values

# No pattern-specific variable values.

# Directories

# . (device 16777221, inode 6364775): 16 files, no impossibilities.
# built-ins (device 16777221, inode 6364840): 21 files, no impossibilities so far.
# srcs (device 16777221, inode 6364906): 61 files, no impossibilities so far.

# 98 files, no impossibilities in 3 directories.

# Implicit Rules

%.o: %.c
#  commands to execute (from `Makefile', line 79):
	$(CC) -Wall -Wextra -Werror -I ${INCLUDES} $(READLINE_INC) -c $< -o $@
	

# 1 implicit rules, 0 (0.0%) terminal.

# Files

# Not a target:
built-ins/env.c:
#  Implicit rule search has been done.
#  Last modified 2023-04-21 10:35:04
#  File has been updated.
#  Successfully updated.
# variable set hash-table stats:
# Load=0/32=0%, Rehash=0, Collisions=0/0=0%

built-ins/env.o: built-ins/env.c
#  Implicit rule search has been done.
#  Implicit/static pattern stem: `built-ins/env'
#  Last modified 2023-04-21 11:02:53
#  File has been updated.
#  Successfully updated.
# variable set hash-table stats:
# Load=0/32=0%, Rehash=0, Collisions=0/0=0%
#  commands to execute (from `Makefile', line 79):
	$(CC) -Wall -Wextra -Werror -I ${INCLUDES} $(READLINE_INC) -c $< -o $@
	

# Not a target:
built-ins/echo.c:
#  Implicit rule search has been done.
#  Last modified 2023-04-21 10:35:04
#  File has been updated.
#  Successfully updated.
# variable set hash-table stats:
# Load=0/32=0%, Rehash=0, Collisions=0/0=0%

built-ins/exit.o: built-ins/exit.c
#  Implicit rule search has been done.
#  Implicit/static pattern stem: `built-ins/exit'
#  Last modified 2023-04-21 11:02:53
#  File has been updated.
#  Successfully updated.
# variable set hash-table stats:
# Load=0/32=0%, Rehash=0, Collisions=0/0=0%
#  commands to execute (from `Makefile', line 79):
	$(CC) -Wall -Wextra -Werror -I ${INCLUDES} $(READLINE_INC) -c $< -o $@
	

# Not a target:
srcs/parser.c:
#  Implicit rule search has been done.
#  Last modified 2023-04-21 10:35:04
#  File has been updated.
#  Successfully updated.
# variable set hash-table stats:
# Load=0/32=0%, Rehash=0, Collisions=0/0=0%

all: minishell
#  Phony target (prerequisite of .PHONY).
#  Command-line target.
#  Implicit rule search has not been done.
#  File does not exist.
#  File has been updated.
#  Successfully updated.
# variable set hash-table stats:
# Load=0/32=0%, Rehash=0, Collisions=0/0=0%

srcs/checker.o: srcs/checker.c
#  Implicit rule search has been done.
#  Implicit/static pattern stem: `srcs/checker'
#  Last modified 2023-04-21 11:02:52
#  File has been updated.
#  Successfully updated.
# variable set hash-table stats:
# Load=0/32=0%, Rehash=0, Collisions=0/0=0%
#  commands to execute (from `Makefile', line 79):
	$(CC) -Wall -Wextra -Werror -I ${INCLUDES} $(READLINE_INC) -c $< -o $@
	

# Not a target:
srcs/quotes_checking.c:
#  Implicit rule search has been done.
#  Last modified 2023-04-21 10:35:04
#  File has been updated.
#  Successfully updated.
# variable set hash-table stats:
# Load=0/32=0%, Rehash=0, Collisions=0/0=0%

# Not a target:
built-ins/export_utils_2.c:
#  Implicit rule search has been done.
#  Last modified 2023-04-21 10:35:04
#  File has been updated.
#  Successfully updated.
# variable set hash-table stats:
 
# Load=0/32=0%, Rehash=0, Collisions=0/0=0%

.PHONY: all clean fclean re vld debug
#  Implicit rule search has not been done.
#  Modification time never checked.
#  File has not been updated.

# Not a target:
srcs/tokens_utils.c:
#  Implicit rule search has been done.
#  Last modified 2023-04-21 10:35:04
#  File has been updated.
#  Successfully updated.
# variable set hash-table stats:
# Load=0/32=0%, Rehash=0, Collisions=0/0=0%

srcs/tokens.o: srcs/tokens.c
#  Implicit rule search has been done.
#  Implicit/static pattern stem: `srcs/tokens'
#  Last modified 2023-04-21 11:02:51
#  File has been updated.
#  Successfully updated.
# variable set hash-table stats:
# Load=0/32=0%, Rehash=0, Collisions=0/0=0%
#  commands to execute (from `Makefile', line 79):
 
	$(CC) -Wall -Wextra -Werror -I ${INCLUDES} $(READLINE_INC) -c $< -o $@
	

srcs/debug.o: srcs/debug.c
#  Implicit rule search has been done.
#  Implicit/static pattern stem: `srcs/debug'
#  Last modified 2023-04-21 11:02:52
#  File has been updated.
#  Successfully updated.
# variable set hash-table stats:
# Load=0/32=0%, Rehash=0, Collisions=0/0=0%
#  commands to execute (from `Makefile', line 79):
	$(CC) -Wall -Wextra -Werror -I ${INCLUDES} $(READLINE_INC) -c $< -o $@
	

# Not a target:
srcs/redirection.c:
#  Implicit rule search has been done.
#  Last modified 2023-04-21 10:35:04
#  File has been updated.
#  Successfully updated.
# variable set hash-table stats:
# Load=0/32=0%, Rehash=0, Collisions=0/0=0%

# Not a target:
srcs/errors.c:
#  Implicit rule search has been done.
#  Last modified 2023-04-21 10:35:04
#  File has been updated.
#  Successfully updated.
# variable set hash-table stats:
# Load=0/32=0%, Rehash=0, Collisions=0/0=0%

built-ins/unset.o: built-ins/unset.c
#  Implicit rule search has been done.
#  Implicit/static pattern stem: `built-ins/unset'
#  Last modified 2023-04-21 11:02:53
#  File has been updated.
#  Successfully updated.
# variable set hash-table stats:
# Load=0/32=0%, Rehash=0, Collisions=0/0=0%
#  commands to execute (from `Makefile', line 79):
	$(CC) -Wall -Wextra -Werror -I ${INCLUDES} $(READLINE_INC) -c $< -o $@
	

# Not a target:
srcs/calculator.c:
#  Implicit rule search has been done.
#  Last modified 2023-04-21 10:35:04
#  File has been updated.
#  Successfully updated.
# variable set hash-table stats:
# Load=0/32=0%, Rehash=0, Collisions=0/0=0%

# Not a target:
srcs/parser_init.c:
#  Implicit rule search has been done.
#  Last modified 2023-04-21 10:35:04
#  File has been updated.
#  Successfully updated.
# variable set hash-table stats:
# Load=0/32=0%, Rehash=0, Collisions=0/0=0%

srcs/process_routines.o: srcs/process_routines.c
#  Implicit rule search has been done.
#  Implicit/static pattern stem: `srcs/process_routines'
#  Last modified 2023-04-21 11:02:52
#  File has been updated.
#  Successfully updated.
# variable set hash-table stats:
# Load=0/32=0%, Rehash=0, Collisions=0/0=0%
#  commands to execute (from `Makefile', line 79):
	$(CC) -Wall -Wextra -Werror -I ${INCLUDES} $(READLINE_INC) -c $< -o $@
	

# Not a target:
.SUFFIXES:
#  Implicit rule search has not been done.
#  Modification time never checked.
#  File has not been updated.

srcs/errors.o: srcs/errors.c
#  Implicit rule search has been done.
#  Implicit/static pattern stem: `srcs/errors'
#  Last modified 2023-04-21 11:02:52
#  File has been updated.
#  Successfully updated.
# variable set hash-table stats:
# Load=0/32=0%, Rehash=0, Collisions=0/0=0%
#  commands to execute (from `Makefile', line 79):
	$(CC) -Wall -Wextra -Werror -I ${INCLUDES} $(READLINE_INC) -c $< -o $@
	

srcs/signals.o: srcs/signals.c
#  Implicit rule search has been done.
#  Implicit/static pattern stem: `srcs/signals'
#  Last modified 2023-04-21 11:02:52
#  File has been updated.
#  Successfully updated.
# variable set hash-table stats:
# Load=0/32=0%, Rehash=0, Collisions=0/0=0%
#  commands to execute (from `Makefile', line 79):
	$(CC) -Wall -Wextra -Werror -I ${INCLUDES} $(READLINE_INC) -c $< -o $@
	

# Not a target:
Makefile:
#  Implicit rule search has been done.
#  Last modified 2023-04-21 11:02:09
#  File has been updated.
#  Successfully updated.
# variable set hash-table stats:
# Load=0/32=0%, Rehash=0, Collisions=0/0=0%

# Not a target:
srcs/main.c:
#  Implicit rule search has been done.
#  Last modified 2023-04-21 10:35:04
#  File has been updated.
#  Successfully updated.
# variable set hash-table stats:
# Load=0/32=0%, Rehash=0, Collisions=0/0=0%

debug:
#  Phony target (prerequisite of .PHONY).
#  Implicit rule search has not been done.
#  File does not exist.
#  File has not been updated.
#  commands to execute (from `Makefile', line 103):
	@valgrind --leak-check=full --track-origins=yes --vgdb-error=0 $(EXEC_FILE)
	

# Not a target:
srcs/ft_cmd_lexer.c:
#  Implicit rule search has been done.
#  Last modified 2023-04-21 10:35:04
#  File has been updated.
#  Successfully updated.
# variable set hash-table stats:
# Load=0/32=0%, Rehash=0, Collisions=0/0=0%

srcs/initialization.o: srcs/initialization.c
#  Implicit rule search has been done.
#  Implicit/static pattern stem: `srcs/initialization'
#  Last modified 2023-04-21 11:02:52
#  File has been updated.
#  Successfully updated.
# variable set hash-table stats:
# Load=0/32=0%, Rehash=0, Collisions=0/0=0%
#  commands to execute (from `Makefile', line 79):
	$(CC) -Wall -Wextra -Werror -I ${INCLUDES} $(READLINE_INC) -c $< -o $@
	

# Not a target:
srcs/lexer.c:
#  Implicit rule search has been done.
#  Last modified 2023-04-21 10:35:04
#  File has been updated.
#  Successfully updated.
# variable set hash-table stats:
# Load=0/32=0%, Rehash=0, Collisions=0/0=0%

srcs/utils.o: srcs/utils.c
#  Implicit rule search has been done.
#  Implicit/static pattern stem: `srcs/utils'
#  Last modified 2023-04-21 11:02:52
#  File has been updated.
#  Successfully updated.
# variable set hash-table stats:
# Load=0/32=0%, Rehash=0, Collisions=0/0=0%
#  commands to execute (from `Makefile', line 79):
 
	$(CC) -Wall -Wextra -Werror -I ${INCLUDES} $(READLINE_INC) -c $< -o $@
	

srcs/parser_utils.o: srcs/parser_utils.c
#  Implicit rule search has been done.
#  Implicit/static pattern stem: `srcs/parser_utils'
#  Last modified 2023-04-21 11:02:51
#  File has been updated.
#  Successfully updated.
# variable set hash-table stats:
# Load=0/32=0%, Rehash=0, Collisions=0/0=0%
#  commands to execute (from `Makefile', line 79):
	$(CC) -Wall -Wextra -Werror -I ${INCLUDES} $(READLINE_INC) -c $< -o $@
	

srcs/error_handling.o: srcs/error_handling.c
#  Implicit rule search has been done.
#  Implicit/static pattern stem: `srcs/error_handling'
#  Last modified 2023-04-21 11:02:52
#  File has been updated.
#  Successfully updated.
# variable set hash-table stats:
# Load=0/32=0%, Rehash=0, Collisions=0/0=0%
#  commands to execute (from `Makefile', line 79):
	$(CC) -Wall -Wextra -Werror -I ${INCLUDES} $(READLINE_INC) -c $< -o $@
	

srcs/memory_mgmt.o: srcs/memory_mgmt.c
#  Implicit rule search has been done.
#  Implicit/static pattern stem: `srcs/memory_mgmt'
#  Last modified 2023-04-21 11:02:52
#  File has been updated.
#  Successfully updated.
# variable set hash-table stats:
# Load=0/32=0%, Rehash=0, Collisions=0/0=0%
#  commands to execute (from `Makefile', line 79):
	$(CC) -Wall -Wextra -Werror -I ${INCLUDES} $(READLINE_INC) -c $< -o $@
	

srcs/execution.o: srcs/execution.c
#  Implicit rule search has been done.
#  Implicit/static pattern stem: `srcs/execution'
#  Last modified 2023-04-21 11:02:51
#  File has been updated.
#  Successfully updated.
# variable set hash-table stats:
# Load=0/32=0%, Rehash=0, Collisions=0/0=0%
#  commands to execute (from `Makefile', line 79):
	$(CC) -Wall -Wextra -Werror -I ${INCLUDES} $(READLINE_INC) -c $< -o $@
	

built-ins/export_utils.o: built-ins/export_utils.c
#  Implicit rule search has been done.
#  Implicit/static pattern stem: `built-ins/export_utils'
#  Last modified 2023-04-21 11:02:53
#  File has been updated.
#  Successfully updated.
# variable set hash-table stats:
# Load=0/32=0%, Rehash=0, Collisions=0/0=0%
#  commands to execute (from `Makefile', line 79):
	$(CC) -Wall -Wextra -Werror -I ${INCLUDES} $(READLINE_INC) -c $< -o $@
	

# Not a target:
built-ins/exit.c:
#  Implicit rule search has been done.
#  Last modified 2023-04-21 10:35:04
#  File has been updated.
#  Successfully updated.
# variable set hash-table stats:
# Load=0/32=0%, Rehash=0, Collisions=0/0=0%

minishell: srcs/main.o srcs/parser.o srcs/parser_init.o srcs/parser_utils.o srcs/getters.o srcs/expander.o srcs/tokens.o srcs/tokens_utils.o srcs/get_tokens.o srcs/lexer.o srcs/lexer_utils.o srcs/quotes_checking.o srcs/execution.o srcs/ft_cmd_lexer.o srcs/ft_count_words.o srcs/process_routines.o srcs/redirection.o srcs/heredoc.o srcs/errors.o srcs/utils.o srcs/checker.o srcs/checker_2.o srcs/memory_mgmt.o srcs/initialization.o srcs/error_handling.o srcs/signals.o srcs/debug.o srcs/interface.o srcs/calculator.o srcs/pipeline.o built-ins/pwd.o built-ins/env.o built-ins/export.o built-ins/echo.o built-ins/unset.o built-ins/cd.o built-ins/exit.o built-ins/builtins_utils.o built-ins/export_utils.o built-ins/export_utils_2.o includes/minishell.h
#  Implicit rule search has not been done.
#  Last modified 2023-04-21 11:02:55
#  File has been updated.
#  Successfully updated.
# variable set hash-table stats:
# Load=0/32=0%, Rehash=0, Collisions=0/0=0%
#  commands to execute (from `Makefile', line 86):
	make -C $(LIBFT)
	$(CC) $(CCFLAGS) $(READLINE_LIB) -L ./libft -l ft -o $(NAME) $(OBJS)
	

# Not a target:
srcs/checker.c:
#  Implicit rule search has been done.
#  Last modified 2023-04-21 10:54:22
#  File has been updated.
#  Successfully updated.
# variable set hash-table stats:
# Load=0/32=0%, Rehash=0, Collisions=0/0=0%

fclean: clean
#  Phony target (prerequisite of .PHONY).
#  Implicit rule search has not been done.
#  File does not exist.
#  File has not been updated.
#  commands to execute (from `Makefile', line 94):
	rm -f ${NAME}
	make fclean -C $(LIBFT)
	

srcs/checker_2.o: srcs/checker_2.c
#  Implicit rule search has been done.
#  Implicit/static pattern stem: `srcs/checker_2'
#  Last modified 2023-04-21 11:02:52
#  File has been updated.
#  Successfully updated.
# variable set hash-table stats:
# Load=0/32=0%, Rehash=0, Collisions=0/0=0%
#  commands to execute (from `Makefile', line 79):
	$(CC) -Wall -Wextra -Werror -I ${INCLUDES} $(READLINE_INC) -c $< -o $@
	

# Not a target:
srcs/tokens.c:
#  Implicit rule search has been done.
#  Last modified 2023-04-21 10:35:04
#  File has been updated.
#  Successfully updated.
# variable set hash-table stats:
# Load=0/32=0%, Rehash=0, Collisions=0/0=0%

# Not a target:
srcs/debug.c:
#  Implicit rule search has been done.
#  Last modified 2023-04-21 10:35:04
#  File has been updated.
#  Successfully updated.
# variable set hash-table stats:
# Load=0/32=0%, Rehash=0, Collisions=0/0=0%

srcs/expander.o: srcs/expander.c
#  Implicit rule search has been done.
#  Implicit/static pattern stem: `srcs/expander'
#  Last modified 2023-04-21 11:02:51
#  File has been updated.
 
#  Successfully updated.
# variable set hash-table stats:
# Load=0/32=0%, Rehash=0, Collisions=0/0=0%
#  commands to execute (from `Makefile', line 79):
	$(CC) -Wall -Wextra -Werror -I ${INCLUDES} $(READLINE_INC) -c $< -o $@
	

srcs/ft_count_words.o: srcs/ft_count_words.c
#  Implicit rule search has been done.
#  Implicit/static pattern stem: `srcs/ft_count_words'
#  Last modified 2023-04-21 11:02:52
#  File has been updated.
#  Successfully updated.
# variable set hash-table stats:
# Load=0/32=0%, Rehash=0, Collisions=0/0=0%
#  commands to execute (from `Makefile', line 79):
	$(CC) -Wall -Wextra -Werror -I ${INCLUDES} $(READLINE_INC) -c $< -o $@
	

# Not a target:
built-ins/unset.c:
#  Implicit rule search has been done.
#  Last modified 2023-04-21 10:35:04
#  File has been updated.
#  Successfully updated.
# variable set hash-table stats:
# Load=0/32=0%, Rehash=0, Collisions=0/0=0%

srcs/get_tokens.o: srcs/get_tokens.c
#  Implicit rule search has been done.
#  Implicit/static pattern stem: `srcs/get_tokens'
#  Last modified 2023-04-21 11:02:51
#  File has been updated.
#  Successfully updated.
# variable set hash-table stats:
# Load=0/32=0%, Rehash=0, Collisions=0/0=0%
#  commands to execute (from `Makefile', line 79):
	$(CC) -Wall -Wextra -Werror -I ${INCLUDES} $(READLINE_INC) -c $< -o $@
	

# Not a target:
.DEFAULT:
#  Implicit rule search has not been done.
#  Modification time never checked.
#  File has not been updated.

# Not a target:
srcs/process_routines.c:
#  Implicit rule search has been done.
#  Last modified 2023-04-21 10:35:04
#  File has been updated.
#  Successfully updated.
# variable set hash-table stats:
# Load=0/32=0%, Rehash=0, Collisions=0/0=0%

srcs/getters.o: srcs/getters.c
#  Implicit rule search has been done.
#  Implicit/static pattern stem: `srcs/getters'
#  Last modified 2023-04-21 11:02:51
#  File has been updated.
#  Successfully updated.
# variable set hash-table stats:
# Load=0/32=0%, Rehash=0, Collisions=0/0=0%
#  commands to execute (from `Makefile', line 79):
	$(CC) -Wall -Wextra -Werror -I ${INCLUDES} $(READLINE_INC) -c $< -o $@
	

# Not a target:
srcs/signals.c:
#  Implicit rule search has been done.
#  Last modified 2023-04-21 10:35:04
#  File has been updated.
#  Successfully updated.
# variable set hash-table stats:
# Load=0/32=0%, Rehash=0, Collisions=0/0=0%

srcs/pipeline.o: srcs/pipeline.c
#  Implicit rule search has been done.
#  Implicit/static pattern stem: `srcs/pipeline'
#  Last modified 2023-04-21 11:02:52
#  File has been updated.
#  Successfully updated.
# variable set hash-table stats:
# Load=0/32=0%, Rehash=0, Collisions=0/0=0%
#  commands to execute (from `Makefile', line 79):
	$(CC) -Wall -Wextra -Werror -I ${INCLUDES} $(READLINE_INC) -c $< -o $@
	

srcs/heredoc.o: srcs/heredoc.c
#  Implicit rule search has been done.
#  Implicit/static pattern stem: `srcs/heredoc'
#  Last modified 2023-04-21 11:02:52
#  File has been updated.
#  Successfully updated.
# variable set hash-table stats:
# Load=0/32=0%, Rehash=0, Collisions=0/0=0%
#  commands to execute (from `Makefile', line 79):
	$(CC) -Wall -Wextra -Werror -I ${INCLUDES} $(READLINE_INC) -c $< -o $@
	

srcs/lexer_utils.o: srcs/lexer_utils.c
#  Implicit rule search has been done.
#  Implicit/static pattern stem: `srcs/lexer_utils'
#  Last modified 2023-04-21 11:02:51
#  File has been updated.
#  Successfully updated.
# variable set hash-table stats:
# Load=0/32=0%, Rehash=0, Collisions=0/0=0%
#  commands to execute (from `Makefile', line 79):
	$(CC) -Wall -Wextra -Werror -I ${INCLUDES} $(READLINE_INC) -c $< -o $@
	

srcs/interface.o: srcs/interface.c
#  Implicit rule search has been done.
#  Implicit/static pattern stem: `srcs/interface'
#  Last modified 2023-04-21 11:02:52
#  File has been updated.
#  Successfully updated.
# variable set hash-table stats:
# Load=0/32=0%, Rehash=0, Collisions=0/0=0%
#  commands to execute (from `Makefile', line 79):
	$(CC) -Wall -Wextra -Werror -I ${INCLUDES} $(READLINE_INC) -c $< -o $@
	

built-ins/builtins_utils.o: built-ins/builtins_utils.c
#  Implicit rule search has been done.
#  Implicit/static pattern stem: `built-ins/builtins_utils'
#  Last modified 2023-04-21 11:02:53
#  File has been updated.
#  Successfully updated.
# variable set hash-table stats:
# Load=0/32=0%, Rehash=0, Collisions=0/0=0%
#  commands to execute (from `Makefile', line 79):
	$(CC) -Wall -Wextra -Werror -I ${INCLUDES} $(READLINE_INC) -c $< -o $@
	

# Not a target:
srcs/pipeline.c:
#  Implicit rule search has been done.
#  Last modified 2023-04-21 10:35:04
#  File has been updated.
#  Successfully updated.
# variable set hash-table stats:
# Load=0/32=0%, Rehash=0, Collisions=0/0=0%

re: fclean all
#  Phony target (prerequisite of .PHONY).
#  Implicit rule search has not been done.
#  File does not exist.
#  File has not been updated.

# Not a target:
srcs/initialization.c:
#  Implicit rule search has been done.
#  Last modified 2023-04-21 10:35:04
#  File has been updated.
#  Successfully updated.
# variable set hash-table stats:
# Load=0/32=0%, Rehash=0, Collisions=0/0=0%

clean:
#  Phony target (prerequisite of .PHONY).
#  Implicit rule search has not been done.
#  File does not exist.
#  File has not been updated.
#  commands to execute (from `Makefile', line 90):
	rm -f ${OBJS}
	make clean -C $(LIBFT)
	

# Not a target:
srcs/utils.c:
#  Implicit rule search has been done.
#  Last modified 2023-04-21 10:35:04
#  File has been updated.
#  Successfully updated.
# variable set hash-table stats:
# Load=0/32=0%, Rehash=0, Collisions=0/0=0%

built-ins/echo.o: built-ins/echo.c
#  Implicit rule search has been done.
#  Implicit/static pattern stem: `built-ins/echo'
#  Last modified 2023-04-21 11:02:53
#  File has been updated.
#  Successfully updated.
# variable set hash-table stats:
# Load=0/32=0%, Rehash=0, Collisions=0/0=0%
#  commands to execute (from `Makefile', line 79):
	$(CC) -Wall -Wextra -Werror -I ${INCLUDES} $(READLINE_INC) -c $< -o $@
	

# Not a target:
built-ins/cd.c:
#  Implicit rule search has been done.
#  Last modified 2023-04-21 10:35:04
#  File has been updated.
#  Successfully updated.
# variable set hash-table stats:
# Load=0/32=0%, Rehash=0, Collisions=0/0=0%

# Not a target:
srcs/parser_utils.c:
#  Implicit rule search has been done.
#  Last modified 2023-04-21 10:35:04
#  File has been updated.
#  Successfully updated.
# variable set hash-table stats:
# Load=0/32=0%, Rehash=0, Collisions=0/0=0%

# Not a target:
srcs/error_handling.c:
#  Implicit rule search has been done.
#  Last modified 2023-04-21 10:35:04
#  File has been updated.
#  Successfully updated.
# variable set hash-table stats:
# Load=0/32=0%, Rehash=0, Collisions=0/0=0%

# Not a target:
srcs/memory_mgmt.c:
#  Implicit rule search has been done.
#  Last modified 2023-04-21 10:35:04
#  File has been updated.
#  Successfully updated.
# variable set hash-table stats:
# Load=0/32=0%, Rehash=0, Collisions=0/0=0%

srcs/parser.o: srcs/parser.c
#  Implicit rule search has been done.
#  Implicit/static pattern stem: `srcs/parser'
#  Last modified 2023-04-21 11:02:51
#  File has been updated.
#  Successfully updated.
# variable set hash-table stats:
# Load=0/32=0%, Rehash=0, Collisions=0/0=0%
#  commands to execute (from `Makefile', line 79):
	$(CC) -Wall -Wextra -Werror -I ${INCLUDES} $(READLINE_INC) -c $< -o $@
	

# Not a target:
srcs/execution.c:
#  Implicit rule search has been done.
#  Last modified 2023-04-21 10:35:04
#  File has been updated.
#  Successfully updated.
# variable set hash-table stats:
# Load=0/32=0%, Rehash=0, Collisions=0/0=0%

# Not a target:
built-ins/export_utils.c:
#  Implicit rule search has been done.
#  Last modified 2023-04-21 10:35:04
#  File has been updated.
#  Successfully updated.
# variable set hash-table stats:
# Load=0/32=0%, Rehash=0, Collisions=0/0=0%

built-ins/pwd.o: built-ins/pwd.c
#  Implicit rule search has been done.
#  Implicit/static pattern stem: `built-ins/pwd'
#  Last modified 2023-04-21 11:02:52
#  File has been updated.
#  Successfully updated.
# variable set hash-table stats:
# Load=0/32=0%, Rehash=0, Collisions=0/0=0%
#  commands to execute (from `Makefile', line 79):
 
	$(CC) -Wall -Wextra -Werror -I ${INCLUDES} $(READLINE_INC) -c $< -o $@
	

built-ins/export.o: built-ins/export.c
#  Implicit rule search has been done.
#  Implicit/static pattern stem: `built-ins/export'
#  Last modified 2023-04-21 11:02:53
#  File has been updated.
#  Successfully updated.
# variable set hash-table stats:
# Load=0/32=0%, Rehash=0, Collisions=0/0=0%
#  commands to execute (from `Makefile', line 79):
	$(CC) -Wall -Wextra -Werror -I ${INCLUDES} $(READLINE_INC) -c $< -o $@
	

srcs/quotes_checking.o: srcs/quotes_checking.c
#  Implicit rule search has been done.
#  Implicit/static pattern stem: `srcs/quotes_checking'
#  Last modified 2023-04-21 11:02:51
#  File has been updated.
#  Successfully updated.
# variable set hash-table stats:
# Load=0/32=0%, Rehash=0, Collisions=0/0=0%
#  commands to execute (from `Makefile', line 79):
	$(CC) -Wall -Wextra -Werror -I ${INCLUDES} $(READLINE_INC) -c $< -o $@
	

built-ins/export_utils_2.o: built-ins/export_utils_2.c
#  Implicit rule search has been done.
#  Implicit/static pattern stem: `built-ins/export_utils_2'
#  Last modified 2023-04-21 11:02:53
#  File has been updated.
#  Successfully updated.
# variable set hash-table stats:
# Load=0/32=0%, Rehash=0, Collisions=0/0=0%
#  commands to execute (from `Makefile', line 79):
	$(CC) -Wall -Wextra -Werror -I ${INCLUDES} $(READLINE_INC) -c $< -o $@
	

built-ins/cd.o: built-ins/cd.c
#  Implicit rule search has been done.
#  Implicit/static pattern stem: `built-ins/cd'
#  Last modified 2023-04-21 11:02:53
#  File has been updated.
#  Successfully updated.
# variable set hash-table stats:
# Load=0/32=0%, Rehash=0, Collisions=0/0=0%
#  commands to execute (from `Makefile', line 79):
	$(CC) -Wall -Wextra -Werror -I ${INCLUDES} $(READLINE_INC) -c $< -o $@
	

vld:
#  Phony target (prerequisite of .PHONY).
#  Implicit rule search has not been done.
#  File does not exist.
#  File has not been updated.
#  commands to execute (from `Makefile', line 100):
	@valgrind --leak-check=full --track-origins=yes --show-leak-kinds=definite $(EXEC_FILE)
	

srcs/tokens_utils.o: srcs/tokens_utils.c
#  Implicit rule search has been done.
#  Implicit/static pattern stem: `srcs/tokens_utils'
#  Last modified 2023-04-21 11:02:51
#  File has been updated.
#  Successfully updated.
# variable set hash-table stats:
# Load=0/32=0%, Rehash=0, Collisions=0/0=0%
#  commands to execute (from `Makefile', line 79):
	$(CC) -Wall -Wextra -Werror -I ${INCLUDES} $(READLINE_INC) -c $< -o $@
	

# Not a target:
srcs/checker_2.c:
#  Implicit rule search has been done.
#  Last modified 2023-04-21 10:35:04
#  File has been updated.
#  Successfully updated.
# variable set hash-table stats:
# Load=0/32=0%, Rehash=0, Collisions=0/0=0%

# Not a target:
built-ins/export.c:
#  Implicit rule search has been done.
#  Last modified 2023-04-21 10:35:04
#  File has been updated.
#  Successfully updated.
# variable set hash-table stats:
# Load=0/32=0%, Rehash=0, Collisions=0/0=0%

srcs/redirection.o: srcs/redirection.c
#  Implicit rule search has been done.
#  Implicit/static pattern stem: `srcs/redirection'
#  Last modified 2023-04-21 11:02:52
#  File has been updated.
#  Successfully updated.
# variable set hash-table stats:
# Load=0/32=0%, Rehash=0, Collisions=0/0=0%
#  commands to execute (from `Makefile', line 79):
	$(CC) -Wall -Wextra -Werror -I ${INCLUDES} $(READLINE_INC) -c $< -o $@
	

# Not a target:
srcs/expander.c:
#  Implicit rule search has been done.
#  Last modified 2023-04-21 10:35:04
#  File has been updated.
#  Successfully updated.
# variable set hash-table stats:
# Load=0/32=0%, Rehash=0, Collisions=0/0=0%

srcs/calculator.o: srcs/calculator.c
#  Implicit rule search has been done.
#  Implicit/static pattern stem: `srcs/calculator'
#  Last modified 2023-04-21 11:02:52
#  File has been updated.
#  Successfully updated.
# variable set hash-table stats:
# Load=0/32=0%, Rehash=0, Collisions=0/0=0%
#  commands to execute (from `Makefile', line 79):
 
	$(CC) -Wall -Wextra -Werror -I ${INCLUDES} $(READLINE_INC) -c $< -o $@
	

srcs/parser_init.o: srcs/parser_init.c
#  Implicit rule search has been done.
#  Implicit/static pattern stem: `srcs/parser_init'
#  Last modified 2023-04-21 11:02:51
#  File has been updated.
#  Successfully updated.
# variable set hash-table stats:
# Load=0/32=0%, Rehash=0, Collisions=0/0=0%
#  commands to execute (from `Makefile', line 79):
	$(CC) -Wall -Wextra -Werror -I ${INCLUDES} $(READLINE_INC) -c $< -o $@
	

# Not a target:
includes/minishell.h:
#  Implicit rule search has been done.
#  Last modified 2023-04-21 10:35:04
#  File has been updated.
#  Successfully updated.
# variable set hash-table stats:
# Load=0/32=0%, Rehash=0, Collisions=0/0=0%

# Not a target:
srcs/ft_count_words.c:
#  Implicit rule search has been done.
#  Last modified 2023-04-21 10:35:04
#  File has been updated.
#  Successfully updated.
# variable set hash-table stats:
# Load=0/32=0%, Rehash=0, Collisions=0/0=0%

# Not a target:
srcs/get_tokens.c:
#  Implicit rule search has been done.
#  Last modified 2023-04-21 10:35:04
#  File has been updated.
#  Successfully updated.
# variable set hash-table stats:
# Load=0/32=0%, Rehash=0, Collisions=0/0=0%

srcs/main.o: srcs/main.c
#  Implicit rule search has been done.
#  Implicit/static pattern stem: `srcs/main'
#  Last modified 2023-04-21 11:02:51
#  File has been updated.
#  Successfully updated.
# variable set hash-table stats:
# Load=0/32=0%, Rehash=0, Collisions=0/0=0%
#  commands to execute (from `Makefile', line 79):
	$(CC) -Wall -Wextra -Werror -I ${INCLUDES} $(READLINE_INC) -c $< -o $@
	

# Not a target:
srcs/getters.c:
#  Implicit rule search has been done.
#  Last modified 2023-04-21 10:35:04
#  File has been updated.
#  Successfully updated.
# variable set hash-table stats:
# Load=0/32=0%, Rehash=0, Collisions=0/0=0%

srcs/ft_cmd_lexer.o: srcs/ft_cmd_lexer.c
#  Implicit rule search has been done.
#  Implicit/static pattern stem: `srcs/ft_cmd_lexer'
#  Last modified 2023-04-21 11:02:51
#  File has been updated.
#  Successfully updated.
# variable set hash-table stats:
# Load=0/32=0%, Rehash=0, Collisions=0/0=0%
#  commands to execute (from `Makefile', line 79):
	$(CC) -Wall -Wextra -Werror -I ${INCLUDES} $(READLINE_INC) -c $< -o $@
	

# Not a target:
built-ins/pwd.c:
#  Implicit rule search has been done.
#  Last modified 2023-04-21 10:35:04
#  File has been updated.
#  Successfully updated.
# variable set hash-table stats:
# Load=0/32=0%, Rehash=0, Collisions=0/0=0%

# Not a target:
srcs/heredoc.c:
#  Implicit rule search has been done.
#  Last modified 2023-04-21 10:35:04
#  File has been updated.
#  Successfully updated.
# variable set hash-table stats:
# Load=0/32=0%, Rehash=0, Collisions=0/0=0%

# Not a target:
srcs/lexer_utils.c:
#  Implicit rule search has been done.
#  Last modified 2023-04-21 10:35:04
#  File has been updated.
#  Successfully updated.
# variable set hash-table stats:
# Load=0/32=0%, Rehash=0, Collisions=0/0=0%

# Not a target:
srcs/interface.c:
#  Implicit rule search has been done.
#  Last modified 2023-04-21 11:01:34
#  File has been updated.
#  Successfully updated.
# variable set hash-table stats:
# Load=0/32=0%, Rehash=0, Collisions=0/0=0%

srcs/lexer.o: srcs/lexer.c
#  Implicit rule search has been done.
#  Implicit/static pattern stem: `srcs/lexer'
#  Last modified 2023-04-21 11:02:51
#  File has been updated.
#  Successfully updated.
# variable set hash-table stats:
# Load=0/32=0%, Rehash=0, Collisions=0/0=0%
#  commands to execute (from `Makefile', line 79):
	$(CC) -Wall -Wextra -Werror -I ${INCLUDES} $(READLINE_INC) -c $< -o $@
	

# Not a target:
built-ins/builtins_utils.c:
#  Implicit rule search has been done.
#  Last modified 2023-04-21 10:35:04
#  File has been updated.
#  Successfully updated.
# variable set hash-table stats:
# Load=0/32=0%, Rehash=0, Collisions=0/0=0%

# files hash-table stats:
# Load=92/1024=9%, Rehash=0, Collisions=20/276=7%
# VPATH Search Paths

# No `vpath' search paths.

# No general (`VPATH' variable) search path.

# # of strings in strcache: 1
# # of strcache buffers: 1
# strcache size: total = 4096 / max = 4096 / min = 4096 / avg = 4096
# strcache free: total = 4087 / max = 4087 / min = 4087 / avg = 4087

# Finished Make data base on Fri Apr 21 11:04:21 2023

 
